{"/home/narayanp/Documents/ASSESMENT/resume-parser/resume-parser-backend/src/config/db.ts": {"path":"/home/narayanp/Documents/ASSESMENT/resume-parser/resume-parser-backend/src/config/db.ts","statementMap":{"0":{"start":{"line":1,"column":0},"end":{"line":1,"column":38}},"1":{"start":{"line":3,"column":13},"end":{"line":12,"column":2}},"2":{"start":{"line":14,"column":0},"end":{"line":16,"column":3}},"3":{"start":{"line":15,"column":2},"end":{"line":15,"column":49}},"4":{"start":{"line":18,"column":0},"end":{"line":20,"column":3}},"5":{"start":{"line":19,"column":2},"end":{"line":19,"column":47}},"6":{"start":{"line":22,"column":0},"end":{"line":22,"column":20}}},"fnMap":{"0":{"name":"(anonymous_0)","decl":{"start":{"line":14,"column":19},"end":{"line":14,"column":20}},"loc":{"start":{"line":14,"column":43},"end":{"line":16,"column":1}}},"1":{"name":"(anonymous_1)","decl":{"start":{"line":18,"column":17},"end":{"line":18,"column":18}},"loc":{"start":{"line":18,"column":32},"end":{"line":20,"column":1}}}},"branchMap":{"0":{"loc":{"start":{"line":4,"column":8},"end":{"line":4,"column":41}},"type":"binary-expr","locations":[{"start":{"line":4,"column":8},"end":{"line":4,"column":27}},{"start":{"line":4,"column":31},"end":{"line":4,"column":41}}]},"1":{"loc":{"start":{"line":5,"column":8},"end":{"line":5,"column":42}},"type":"binary-expr","locations":[{"start":{"line":5,"column":8},"end":{"line":5,"column":27}},{"start":{"line":5,"column":31},"end":{"line":5,"column":42}}]},"2":{"loc":{"start":{"line":6,"column":12},"end":{"line":6,"column":50}},"type":"binary-expr","locations":[{"start":{"line":6,"column":12},"end":{"line":6,"column":31}},{"start":{"line":6,"column":35},"end":{"line":6,"column":50}}]},"3":{"loc":{"start":{"line":7,"column":12},"end":{"line":7,"column":52}},"type":"binary-expr","locations":[{"start":{"line":7,"column":12},"end":{"line":7,"column":35}},{"start":{"line":7,"column":39},"end":{"line":7,"column":52}}]},"4":{"loc":{"start":{"line":8,"column":17},"end":{"line":8,"column":46}},"type":"binary-expr","locations":[{"start":{"line":8,"column":17},"end":{"line":8,"column":36}},{"start":{"line":8,"column":40},"end":{"line":8,"column":46}}]}},"s":{"0":2,"1":2,"2":2,"3":0,"4":2,"5":0,"6":2},"f":{"0":0,"1":0},"b":{"0":[2,2],"1":[2,2],"2":[2,2],"3":[2,2],"4":[2,2]}}
,"/home/narayanp/Documents/ASSESMENT/resume-parser/resume-parser-backend/src/config/minioClient.ts": {"path":"/home/narayanp/Documents/ASSESMENT/resume-parser/resume-parser-backend/src/config/minioClient.ts","statementMap":{"0":{"start":{"line":1,"column":0},"end":{"line":1,"column":31}},"1":{"start":{"line":3,"column":20},"end":{"line":9,"column":2}},"2":{"start":{"line":11,"column":0},"end":{"line":11,"column":27}}},"fnMap":{},"branchMap":{},"s":{"0":2,"1":2,"2":2},"f":{},"b":{}}
,"/home/narayanp/Documents/ASSESMENT/resume-parser/resume-parser-backend/src/config/redisClient.ts": {"path":"/home/narayanp/Documents/ASSESMENT/resume-parser/resume-parser-backend/src/config/redisClient.ts","statementMap":{"0":{"start":{"line":1,"column":0},"end":{"line":1,"column":32}},"1":{"start":{"line":3,"column":20},"end":{"line":3,"column":61}},"2":{"start":{"line":5,"column":0},"end":{"line":5,"column":27}}},"fnMap":{},"branchMap":{},"s":{"0":1,"1":1,"2":1},"f":{},"b":{}}
,"/home/narayanp/Documents/ASSESMENT/resume-parser/resume-parser-backend/src/constants/fileConstants.ts": {"path":"/home/narayanp/Documents/ASSESMENT/resume-parser/resume-parser-backend/src/constants/fileConstants.ts","statementMap":{"0":{"start":{"line":1,"column":13},"end":{"line":1,"column":65}},"1":{"start":{"line":2,"column":13},"end":{"line":2,"column":36}}},"fnMap":{},"branchMap":{},"s":{"0":2,"1":2},"f":{},"b":{}}
,"/home/narayanp/Documents/ASSESMENT/resume-parser/resume-parser-backend/src/controllers/job.controller.ts": {"path":"/home/narayanp/Documents/ASSESMENT/resume-parser/resume-parser-backend/src/controllers/job.controller.ts","statementMap":{"0":{"start":{"line":4,"column":0},"end":{"line":4,"column":7}},"1":{"start":{"line":2,"column":0},"end":{"line":2,"column":59}},"2":{"start":{"line":5,"column":2},"end":{"line":18,"column":3}},"3":{"start":{"line":6,"column":32},"end":{"line":6,"column":41}},"4":{"start":{"line":7,"column":4},"end":{"line":10,"column":5}},"5":{"start":{"line":8,"column":6},"end":{"line":8,"column":77}},"6":{"start":{"line":9,"column":6},"end":{"line":9,"column":13}},"7":{"start":{"line":11,"column":28},"end":{"line":11,"column":66}},"8":{"start":{"line":12,"column":4},"end":{"line":12,"column":42}},"9":{"start":{"line":14,"column":4},"end":{"line":17,"column":5}},"10":{"start":{"line":14,"column":30},"end":{"line":14,"column":75}},"11":{"start":{"line":16,"column":6},"end":{"line":16,"column":62}}},"fnMap":{"0":{"name":"matchJobController","decl":{"start":{"line":4,"column":22},"end":{"line":4,"column":40}},"loc":{"start":{"line":4,"column":68},"end":{"line":19,"column":1}}}},"branchMap":{"0":{"loc":{"start":{"line":7,"column":4},"end":{"line":10,"column":5}},"type":"if","locations":[{"start":{"line":7,"column":4},"end":{"line":10,"column":5}},{"start":{},"end":{}}]},"1":{"loc":{"start":{"line":7,"column":8},"end":{"line":7,"column":65}},"type":"binary-expr","locations":[{"start":{"line":7,"column":8},"end":{"line":7,"column":33}},{"start":{"line":7,"column":37},"end":{"line":7,"column":65}}]},"2":{"loc":{"start":{"line":14,"column":4},"end":{"line":17,"column":5}},"type":"if","locations":[{"start":{"line":14,"column":4},"end":{"line":17,"column":5}},{"start":{"line":15,"column":9},"end":{"line":17,"column":5}}]}},"s":{"0":1,"1":1,"2":2,"3":2,"4":2,"5":0,"6":0,"7":2,"8":1,"9":1,"10":1,"11":0},"f":{"0":2},"b":{"0":[0,2],"1":[2,2],"2":[1,0]}}
,"/home/narayanp/Documents/ASSESMENT/resume-parser/resume-parser-backend/src/controllers/resume.controller.ts": {"path":"/home/narayanp/Documents/ASSESMENT/resume-parser/resume-parser-backend/src/controllers/resume.controller.ts","statementMap":{"0":{"start":{"line":2,"column":0},"end":{"line":2,"column":49}},"1":{"start":{"line":3,"column":0},"end":{"line":3,"column":62}},"2":{"start":{"line":7,"column":13},"end":{"line":11,"column":2}},"3":{"start":{"line":9,"column":4},"end":{"line":9,"column":30}}},"fnMap":{"0":{"name":"(anonymous_1)","decl":{"start":{"line":8,"column":2},"end":{"line":8,"column":7}},"loc":{"start":{"line":8,"column":40},"end":{"line":10,"column":3}}}},"branchMap":{},"s":{"0":1,"1":1,"2":1,"3":1},"f":{"0":1},"b":{}}
,"/home/narayanp/Documents/ASSESMENT/resume-parser/resume-parser-backend/src/controllers/upload.controller.ts": {"path":"/home/narayanp/Documents/ASSESMENT/resume-parser/resume-parser-backend/src/controllers/upload.controller.ts","statementMap":{"0":{"start":{"line":2,"column":0},"end":{"line":2,"column":64}},"1":{"start":{"line":3,"column":0},"end":{"line":3,"column":49}},"2":{"start":{"line":7,"column":13},"end":{"line":11,"column":2}},"3":{"start":{"line":9,"column":4},"end":{"line":9,"column":39}}},"fnMap":{"0":{"name":"(anonymous_1)","decl":{"start":{"line":8,"column":2},"end":{"line":8,"column":7}},"loc":{"start":{"line":8,"column":40},"end":{"line":10,"column":3}}}},"branchMap":{},"s":{"0":1,"1":1,"2":1,"3":2},"f":{"0":2},"b":{}}
,"/home/narayanp/Documents/ASSESMENT/resume-parser/resume-parser-backend/src/queues/fileProcessingQueue.ts": {"path":"/home/narayanp/Documents/ASSESMENT/resume-parser/resume-parser-backend/src/queues/fileProcessingQueue.ts","statementMap":{"0":{"start":{"line":1,"column":0},"end":{"line":1,"column":31}},"1":{"start":{"line":2,"column":0},"end":{"line":2,"column":48}},"2":{"start":{"line":4,"column":13},"end":{"line":6,"column":3}}},"fnMap":{},"branchMap":{},"s":{"0":1,"1":1,"2":1},"f":{},"b":{}}
,"/home/narayanp/Documents/ASSESMENT/resume-parser/resume-parser-backend/src/queues/jobMatchingQueue.ts": {"path":"/home/narayanp/Documents/ASSESMENT/resume-parser/resume-parser-backend/src/queues/jobMatchingQueue.ts","statementMap":{"0":{"start":{"line":1,"column":0},"end":{"line":1,"column":31}},"1":{"start":{"line":2,"column":0},"end":{"line":2,"column":48}},"2":{"start":{"line":4,"column":13},"end":{"line":6,"column":3}}},"fnMap":{},"branchMap":{},"s":{"0":1,"1":1,"2":1},"f":{},"b":{}}
,"/home/narayanp/Documents/ASSESMENT/resume-parser/resume-parser-backend/src/repositories/resumeRepository.ts": {"path":"/home/narayanp/Documents/ASSESMENT/resume-parser/resume-parser-backend/src/repositories/resumeRepository.ts","statementMap":{"0":{"start":{"line":2,"column":0},"end":{"line":2,"column":32}},"1":{"start":{"line":12,"column":13},"end":{"line":43,"column":2}},"2":{"start":{"line":14,"column":18},"end":{"line":18,"column":6}},"3":{"start":{"line":19,"column":19},"end":{"line":25,"column":6}},"4":{"start":{"line":26,"column":19},"end":{"line":26,"column":50}},"5":{"start":{"line":27,"column":4},"end":{"line":27,"column":26}},"6":{"start":{"line":31,"column":19},"end":{"line":33,"column":6}},"7":{"start":{"line":34,"column":4},"end":{"line":34,"column":26}},"8":{"start":{"line":38,"column":19},"end":{"line":39,"column":null}},"9":{"start":{"line":41,"column":4},"end":{"line":41,"column":23}}},"fnMap":{"0":{"name":"(anonymous_1)","decl":{"start":{"line":13,"column":2},"end":{"line":13,"column":7}},"loc":{"start":{"line":13,"column":35},"end":{"line":28,"column":3}}},"1":{"name":"(anonymous_2)","decl":{"start":{"line":30,"column":2},"end":{"line":30,"column":7}},"loc":{"start":{"line":30,"column":31},"end":{"line":35,"column":3}}},"2":{"name":"(anonymous_3)","decl":{"start":{"line":37,"column":2},"end":{"line":37,"column":7}},"loc":{"start":{"line":37,"column":15},"end":{"line":42,"column":3}}}},"branchMap":{"0":{"loc":{"start":{"line":24,"column":6},"end":{"line":24,"column":32}},"type":"binary-expr","locations":[{"start":{"line":24,"column":6},"end":{"line":24,"column":19}},{"start":{"line":24,"column":23},"end":{"line":24,"column":32}}]}},"s":{"0":2,"1":2,"2":2,"3":2,"4":2,"5":2,"6":2,"7":2,"8":1,"9":1},"f":{"0":2,"1":2,"2":1},"b":{"0":[2,1]}}
,"/home/narayanp/Documents/ASSESMENT/resume-parser/resume-parser-backend/src/services/jobs.service.ts": {"path":"/home/narayanp/Documents/ASSESMENT/resume-parser/resume-parser-backend/src/services/jobs.service.ts","statementMap":{"0":{"start":{"line":3,"column":0},"end":{"line":3,"column":7}},"1":{"start":{"line":1,"column":0},"end":{"line":1,"column":62}},"2":{"start":{"line":4,"column":2},"end":{"line":4,"column":31}},"3":{"start":{"line":5,"column":2},"end":{"line":7,"column":3}},"4":{"start":{"line":6,"column":4},"end":{"line":6,"column":55}},"5":{"start":{"line":8,"column":22},"end":{"line":8,"column":44}},"6":{"start":{"line":9,"column":14},"end":{"line":13,"column":4}},"7":{"start":{"line":15,"column":2},"end":{"line":18,"column":4}}},"fnMap":{"0":{"name":"matchJobService","decl":{"start":{"line":3,"column":22},"end":{"line":3,"column":37}},"loc":{"start":{"line":3,"column":69},"end":{"line":19,"column":1}}}},"branchMap":{"0":{"loc":{"start":{"line":5,"column":2},"end":{"line":7,"column":3}},"type":"if","locations":[{"start":{"line":5,"column":2},"end":{"line":7,"column":3}},{"start":{},"end":{}}]},"1":{"loc":{"start":{"line":5,"column":6},"end":{"line":5,"column":25}},"type":"binary-expr","locations":[{"start":{"line":5,"column":6},"end":{"line":5,"column":12}},{"start":{"line":5,"column":16},"end":{"line":5,"column":25}}]}},"s":{"0":2,"1":2,"2":3,"3":3,"4":2,"5":1,"6":1,"7":1},"f":{"0":3},"b":{"0":[2,1],"1":[3,2]}}
,"/home/narayanp/Documents/ASSESMENT/resume-parser/resume-parser-backend/src/services/resumes.service.ts": {"path":"/home/narayanp/Documents/ASSESMENT/resume-parser/resume-parser-backend/src/services/resumes.service.ts","statementMap":{"0":{"start":{"line":2,"column":0},"end":{"line":2,"column":68}},"1":{"start":{"line":4,"column":31},"end":{"line":9,"column":1}},"2":{"start":{"line":5,"column":18},"end":{"line":6,"column":null}},"3":{"start":{"line":8,"column":2},"end":{"line":8,"column":36}},"4":{"start":{"line":4,"column":13},"end":{"line":4,"column":31}}},"fnMap":{"0":{"name":"(anonymous_0)","decl":{"start":{"line":4,"column":31},"end":{"line":4,"column":36}},"loc":{"start":{"line":4,"column":69},"end":{"line":9,"column":1}}}},"branchMap":{},"s":{"0":1,"1":1,"2":0,"3":0,"4":1},"f":{"0":0},"b":{}}
,"/home/narayanp/Documents/ASSESMENT/resume-parser/resume-parser-backend/src/services/upload.service.ts": {"path":"/home/narayanp/Documents/ASSESMENT/resume-parser/resume-parser-backend/src/services/upload.service.ts","statementMap":{"0":{"start":{"line":2,"column":0},"end":{"line":2,"column":20}},"1":{"start":{"line":3,"column":0},"end":{"line":3,"column":24}},"2":{"start":{"line":4,"column":0},"end":{"line":4,"column":30}},"3":{"start":{"line":5,"column":0},"end":{"line":5,"column":48}},"4":{"start":{"line":6,"column":0},"end":{"line":6,"column":48}},"5":{"start":{"line":7,"column":0},"end":{"line":7,"column":54}},"6":{"start":{"line":8,"column":0},"end":{"line":8,"column":73}},"7":{"start":{"line":9,"column":0},"end":{"line":9,"column":68}},"8":{"start":{"line":11,"column":34},"end":{"line":119,"column":1}},"9":{"start":{"line":12,"column":58},"end":{"line":12,"column":66}},"10":{"start":{"line":14,"column":2},"end":{"line":17,"column":3}},"11":{"start":{"line":15,"column":4},"end":{"line":15,"column":20}},"12":{"start":{"line":16,"column":4},"end":{"line":16,"column":47}},"13":{"start":{"line":19,"column":19},"end":{"line":19,"column":72}},"14":{"start":{"line":20,"column":2},"end":{"line":20,"column":76}},"15":{"start":{"line":20,"column":32},"end":{"line":20,"column":76}},"16":{"start":{"line":22,"column":20},"end":{"line":22,"column":56}},"17":{"start":{"line":23,"column":2},"end":{"line":23,"column":42}},"18":{"start":{"line":25,"column":2},"end":{"line":29,"column":3}},"19":{"start":{"line":26,"column":4},"end":{"line":28,"column":65}},"20":{"start":{"line":31,"column":21},"end":{"line":31,"column":70}},"21":{"start":{"line":32,"column":22},"end":{"line":32,"column":54}},"22":{"start":{"line":34,"column":2},"end":{"line":39,"column":3}},"23":{"start":{"line":34,"column":15},"end":{"line":34,"column":16}},"24":{"start":{"line":35,"column":21},"end":{"line":35,"column":48}},"25":{"start":{"line":36,"column":17},"end":{"line":36,"column":42}},"26":{"start":{"line":37,"column":4},"end":{"line":37,"column":28}},"27":{"start":{"line":38,"column":4},"end":{"line":38,"column":28}},"28":{"start":{"line":41,"column":2},"end":{"line":41,"column":20}},"29":{"start":{"line":42,"column":2},"end":{"line":42,"column":36}},"30":{"start":{"line":44,"column":2},"end":{"line":44,"column":56}},"31":{"start":{"line":46,"column":20},"end":{"line":46,"column":59}},"32":{"start":{"line":47,"column":2},"end":{"line":49,"column":3}},"33":{"start":{"line":48,"column":4},"end":{"line":48,"column":49}},"34":{"start":{"line":51,"column":25},"end":{"line":54,"column":null}},"35":{"start":{"line":56,"column":2},"end":{"line":56,"column":28}},"36":{"start":{"line":58,"column":25},"end":{"line":58,"column":27}},"37":{"start":{"line":59,"column":29},"end":{"line":59,"column":31}},"38":{"start":{"line":60,"column":23},"end":{"line":60,"column":65}},"39":{"start":{"line":61,"column":2},"end":{"line":61,"column":62}},"40":{"start":{"line":61,"column":21},"end":{"line":61,"column":62}},"41":{"start":{"line":63,"column":2},"end":{"line":110,"column":3}},"42":{"start":{"line":64,"column":21},"end":{"line":64,"column":47}},"43":{"start":{"line":65,"column":23},"end":{"line":65,"column":44}},"44":{"start":{"line":66,"column":24},"end":{"line":66,"column":45}},"45":{"start":{"line":68,"column":4},"end":{"line":68,"column":67}},"46":{"start":{"line":70,"column":25},"end":{"line":74,"column":null}},"47":{"start":{"line":77,"column":4},"end":{"line":77,"column":28}},"48":{"start":{"line":78,"column":4},"end":{"line":78,"column":24}},"49":{"start":{"line":80,"column":4},"end":{"line":87,"column":6}},"50":{"start":{"line":90,"column":4},"end":{"line":100,"column":6}},"51":{"start":{"line":102,"column":4},"end":{"line":107,"column":7}},"52":{"start":{"line":109,"column":4},"end":{"line":109,"column":28}},"53":{"start":{"line":112,"column":2},"end":{"line":118,"column":5}},"54":{"start":{"line":11,"column":13},"end":{"line":11,"column":34}}},"fnMap":{"0":{"name":"(anonymous_1)","decl":{"start":{"line":11,"column":34},"end":{"line":11,"column":39}},"loc":{"start":{"line":11,"column":72},"end":{"line":119,"column":1}}}},"branchMap":{"0":{"loc":{"start":{"line":14,"column":2},"end":{"line":17,"column":3}},"type":"if","locations":[{"start":{"line":14,"column":2},"end":{"line":17,"column":3}},{"start":{},"end":{}}]},"1":{"loc":{"start":{"line":14,"column":6},"end":{"line":14,"column":72}},"type":"binary-expr","locations":[{"start":{"line":14,"column":6},"end":{"line":14,"column":15}},{"start":{"line":14,"column":19},"end":{"line":14,"column":28}},{"start":{"line":14,"column":32},"end":{"line":14,"column":43}},{"start":{"line":14,"column":47},"end":{"line":14,"column":59}},{"start":{"line":14,"column":63},"end":{"line":14,"column":72}}]},"2":{"loc":{"start":{"line":20,"column":2},"end":{"line":20,"column":76}},"type":"if","locations":[{"start":{"line":20,"column":2},"end":{"line":20,"column":76}},{"start":{},"end":{}}]},"3":{"loc":{"start":{"line":25,"column":2},"end":{"line":29,"column":3}},"type":"if","locations":[{"start":{"line":25,"column":2},"end":{"line":29,"column":3}},{"start":{},"end":{}}]},"4":{"loc":{"start":{"line":47,"column":2},"end":{"line":49,"column":3}},"type":"if","locations":[{"start":{"line":47,"column":2},"end":{"line":49,"column":3}},{"start":{},"end":{}}]},"5":{"loc":{"start":{"line":61,"column":2},"end":{"line":61,"column":62}},"type":"if","locations":[{"start":{"line":61,"column":2},"end":{"line":61,"column":62}},{"start":{},"end":{}}]}},"s":{"0":2,"1":2,"2":2,"3":2,"4":2,"5":2,"6":2,"7":2,"8":2,"9":2,"10":2,"11":1,"12":1,"13":1,"14":1,"15":1,"16":1,"17":1,"18":1,"19":1,"20":0,"21":0,"22":0,"23":0,"24":0,"25":0,"26":0,"27":0,"28":0,"29":0,"30":0,"31":0,"32":0,"33":0,"34":0,"35":0,"36":0,"37":0,"38":0,"39":0,"40":0,"41":0,"42":0,"43":0,"44":0,"45":0,"46":0,"47":0,"48":0,"49":0,"50":0,"51":0,"52":0,"53":0,"54":2},"f":{"0":2},"b":{"0":[1,1],"1":[2,2,1,1,1],"2":[1,0],"3":[1,0],"4":[0,0],"5":[0,0]}}
,"/home/narayanp/Documents/ASSESMENT/resume-parser/resume-parser-backend/src/utils/zipUtils.ts": {"path":"/home/narayanp/Documents/ASSESMENT/resume-parser/resume-parser-backend/src/utils/zipUtils.ts","statementMap":{"0":{"start":{"line":1,"column":0},"end":{"line":1,"column":29}},"1":{"start":{"line":2,"column":0},"end":{"line":2,"column":20}},"2":{"start":{"line":3,"column":0},"end":{"line":3,"column":24}},"3":{"start":{"line":5,"column":33},"end":{"line":26,"column":1}},"4":{"start":{"line":10,"column":14},"end":{"line":10,"column":37}},"5":{"start":{"line":11,"column":35},"end":{"line":11,"column":37}},"6":{"start":{"line":13,"column":2},"end":{"line":23,"column":5}},"7":{"start":{"line":14,"column":16},"end":{"line":14,"column":59}},"8":{"start":{"line":15,"column":4},"end":{"line":22,"column":5}},"9":{"start":{"line":16,"column":28},"end":{"line":18,"column":null}},"10":{"start":{"line":20,"column":6},"end":{"line":20,"column":55}},"11":{"start":{"line":21,"column":6},"end":{"line":21,"column":58}},"12":{"start":{"line":25,"column":2},"end":{"line":25,"column":24}},"13":{"start":{"line":5,"column":13},"end":{"line":5,"column":33}}},"fnMap":{"0":{"name":"(anonymous_1)","decl":{"start":{"line":5,"column":33},"end":{"line":5,"column":null}},"loc":{"start":{"line":9,"column":14},"end":{"line":26,"column":1}}},"1":{"name":"(anonymous_2)","decl":{"start":{"line":13,"column":27},"end":{"line":13,"column":28}},"loc":{"start":{"line":13,"column":37},"end":{"line":23,"column":3}}}},"branchMap":{"0":{"loc":{"start":{"line":15,"column":4},"end":{"line":22,"column":5}},"type":"if","locations":[{"start":{"line":15,"column":4},"end":{"line":22,"column":5}},{"start":{},"end":{}}]},"1":{"loc":{"start":{"line":15,"column":8},"end":{"line":15,"column":59}},"type":"binary-expr","locations":[{"start":{"line":15,"column":8},"end":{"line":15,"column":26}},{"start":{"line":15,"column":30},"end":{"line":15,"column":59}}]}},"s":{"0":3,"1":3,"2":3,"3":3,"4":1,"5":1,"6":1,"7":4,"8":4,"9":2,"10":2,"11":2,"12":1,"13":3},"f":{"0":1,"1":4},"b":{"0":[2,2],"1":[4,3]}}
}
